<?xml version="1.0" encoding="UTF-8"?>
<!-- Generated by org.testng.reporters.JUnitReportReporter -->
<testsuite skipped="1" hostname="LAPTOP-MG19BKEU" name="com.testautomation.TestRunner.TestRunner" tests="1" failures="0" timestamp="30 Dec 2018 21:06:26 GMT" time="0.000" errors="0">
  <testcase name="feature" time="0.000" classname="com.testautomation.TestRunner.TestRunner">
    <skipped/>
  </testcase> <!-- feature -->
</testsuite> <!-- com.testautomation.TestRunner.TestRunner -->
